/root/ros2_ws/install/laundry_dt/lib/python3.10/site-packages/laundry_dt/ultrasonic_publisher.py
/root/ros2_ws/install/laundry_dt/lib/python3.10/site-packages/laundry_dt/__init__.py
/root/ros2_ws/install/laundry_dt/lib/python3.10/site-packages/laundry_dt/dc_motor_subscriber.py
/root/ros2_ws/install/laundry_dt/lib/python3.10/site-packages/laundry_dt/dc_motor_controller.py
/root/ros2_ws/install/laundry_dt/lib/python3.10/site-packages/laundry_dt/__pycache__/ultrasonic_publisher.cpython-310.pyc
/root/ros2_ws/install/laundry_dt/lib/python3.10/site-packages/laundry_dt/__pycache__/__init__.cpython-310.pyc
/root/ros2_ws/install/laundry_dt/lib/python3.10/site-packages/laundry_dt/__pycache__/dc_motor_subscriber.cpython-310.pyc
/root/ros2_ws/install/laundry_dt/lib/python3.10/site-packages/laundry_dt/__pycache__/dc_motor_controller.cpython-310.pyc
/root/ros2_ws/install/laundry_dt/share/ament_index/resource_index/packages/laundry_dt
/root/ros2_ws/install/laundry_dt/share/laundry_dt/package.xml
/root/ros2_ws/install/laundry_dt/share/laundry_dt/launch/launch.py
/root/ros2_ws/install/laundry_dt/lib/python3.10/site-packages/laundry_dt-0.0.0-py3.10.egg-info/PKG-INFO
/root/ros2_ws/install/laundry_dt/lib/python3.10/site-packages/laundry_dt-0.0.0-py3.10.egg-info/zip-safe
/root/ros2_ws/install/laundry_dt/lib/python3.10/site-packages/laundry_dt-0.0.0-py3.10.egg-info/SOURCES.txt
/root/ros2_ws/install/laundry_dt/lib/python3.10/site-packages/laundry_dt-0.0.0-py3.10.egg-info/entry_points.txt
/root/ros2_ws/install/laundry_dt/lib/python3.10/site-packages/laundry_dt-0.0.0-py3.10.egg-info/requires.txt
/root/ros2_ws/install/laundry_dt/lib/python3.10/site-packages/laundry_dt-0.0.0-py3.10.egg-info/top_level.txt
/root/ros2_ws/install/laundry_dt/lib/python3.10/site-packages/laundry_dt-0.0.0-py3.10.egg-info/dependency_links.txt
/root/ros2_ws/install/laundry_dt/lib/laundry_dt/dc_motor_controller
/root/ros2_ws/install/laundry_dt/lib/laundry_dt/dc_motor_subscriber
/root/ros2_ws/install/laundry_dt/lib/laundry_dt/ultrasonic_publisher
