[1.070s] Invoking command in '/root/ros2_ws/src/laundry_dt': PYTHONPATH=/root/ros2_ws/build/laundry_dt/prefix_override:/usr/lib/python3/dist-packages/colcon_core/task/python/colcon_distutils_commands:/root/ros2_ws/install/laundry_dt/lib/python3.10/site-packages:${PYTHONPATH} /usr/bin/python3 -W ignore:setup.py install is deprecated -W ignore:easy_install command is deprecated setup.py egg_info --egg-base ../../build/laundry_dt build --build-base /root/ros2_ws/build/laundry_dt/build install --record /root/ros2_ws/build/laundry_dt/install.log --single-version-externally-managed install_data
[1.512s] running egg_info
[1.513s] writing ../../build/laundry_dt/laundry_dt.egg-info/PKG-INFO
[1.519s] writing dependency_links to ../../build/laundry_dt/laundry_dt.egg-info/dependency_links.txt
[1.520s] writing entry points to ../../build/laundry_dt/laundry_dt.egg-info/entry_points.txt
[1.521s] writing requirements to ../../build/laundry_dt/laundry_dt.egg-info/requires.txt
[1.522s] writing top-level names to ../../build/laundry_dt/laundry_dt.egg-info/top_level.txt
[1.528s] reading manifest file '../../build/laundry_dt/laundry_dt.egg-info/SOURCES.txt'
[1.531s] writing manifest file '../../build/laundry_dt/laundry_dt.egg-info/SOURCES.txt'
[1.532s] running build
[1.532s] running build_py
[1.533s] copying laundry_dt/dc_motor_controller.py -> /root/ros2_ws/build/laundry_dt/build/lib/laundry_dt
[1.537s] running install
[1.538s] running install_lib
[1.540s] copying /root/ros2_ws/build/laundry_dt/build/lib/laundry_dt/dc_motor_controller.py -> /root/ros2_ws/install/laundry_dt/lib/python3.10/site-packages/laundry_dt
[1.546s] byte-compiling /root/ros2_ws/install/laundry_dt/lib/python3.10/site-packages/laundry_dt/dc_motor_controller.py to dc_motor_controller.cpython-310.pyc
[1.560s] running install_data
[1.560s] running install_egg_info
[1.561s] removing '/root/ros2_ws/install/laundry_dt/lib/python3.10/site-packages/laundry_dt-0.0.0-py3.10.egg-info' (and everything under it)
[1.564s] Copying ../../build/laundry_dt/laundry_dt.egg-info to /root/ros2_ws/install/laundry_dt/lib/python3.10/site-packages/laundry_dt-0.0.0-py3.10.egg-info
[1.579s] running install_scripts
[1.618s] Installing dc_motor_controller script to /root/ros2_ws/install/laundry_dt/lib/laundry_dt
[1.618s] Installing dc_motor_subscriber script to /root/ros2_ws/install/laundry_dt/lib/laundry_dt
[1.619s] Installing ultrasonic_publisher script to /root/ros2_ws/install/laundry_dt/lib/laundry_dt
[1.624s] writing list of installed files to '/root/ros2_ws/build/laundry_dt/install.log'
[1.651s] Invoked command in '/root/ros2_ws/src/laundry_dt' returned '0': PYTHONPATH=/root/ros2_ws/build/laundry_dt/prefix_override:/usr/lib/python3/dist-packages/colcon_core/task/python/colcon_distutils_commands:/root/ros2_ws/install/laundry_dt/lib/python3.10/site-packages:${PYTHONPATH} /usr/bin/python3 -W ignore:setup.py install is deprecated -W ignore:easy_install command is deprecated setup.py egg_info --egg-base ../../build/laundry_dt build --build-base /root/ros2_ws/build/laundry_dt/build install --record /root/ros2_ws/build/laundry_dt/install.log --single-version-externally-managed install_data
