[1.085s] Invoking command in '/root/ros2_ws/src/laundry_dt': PYTHONPATH=/root/ros2_ws/build/laundry_dt/prefix_override:/usr/lib/python3/dist-packages/colcon_core/task/python/colcon_distutils_commands:/root/ros2_ws/install/laundry_dt/lib/python3.10/site-packages:${PYTHONPATH} /usr/bin/python3 -W ignore:setup.py install is deprecated -W ignore:easy_install command is deprecated setup.py egg_info --egg-base ../../build/laundry_dt build --build-base /root/ros2_ws/build/laundry_dt/build install --record /root/ros2_ws/build/laundry_dt/install.log --single-version-externally-managed install_data
[1.463s] running egg_info
[1.464s] writing ../../build/laundry_dt/laundry_dt.egg-info/PKG-INFO
[1.466s] writing dependency_links to ../../build/laundry_dt/laundry_dt.egg-info/dependency_links.txt
[1.467s] writing entry points to ../../build/laundry_dt/laundry_dt.egg-info/entry_points.txt
[1.468s] writing requirements to ../../build/laundry_dt/laundry_dt.egg-info/requires.txt
[1.468s] writing top-level names to ../../build/laundry_dt/laundry_dt.egg-info/top_level.txt
[1.473s] reading manifest file '../../build/laundry_dt/laundry_dt.egg-info/SOURCES.txt'
[1.477s] writing manifest file '../../build/laundry_dt/laundry_dt.egg-info/SOURCES.txt'
[1.478s] running build
[1.479s] running build_py
[1.481s] running install
[1.481s] running install_lib
[1.484s] running install_data
[1.486s] running install_egg_info
[1.486s] removing '/root/ros2_ws/install/laundry_dt/lib/python3.10/site-packages/laundry_dt-0.0.0-py3.10.egg-info' (and everything under it)
[1.491s] Copying ../../build/laundry_dt/laundry_dt.egg-info to /root/ros2_ws/install/laundry_dt/lib/python3.10/site-packages/laundry_dt-0.0.0-py3.10.egg-info
[1.508s] running install_scripts
[1.547s] Installing dc_motor_controller script to /root/ros2_ws/install/laundry_dt/lib/laundry_dt
[1.552s] Installing dc_motor_subscriber script to /root/ros2_ws/install/laundry_dt/lib/laundry_dt
[1.552s] Installing ultrasonic_publisher script to /root/ros2_ws/install/laundry_dt/lib/laundry_dt
[1.554s] writing list of installed files to '/root/ros2_ws/build/laundry_dt/install.log'
[1.584s] Invoked command in '/root/ros2_ws/src/laundry_dt' returned '0': PYTHONPATH=/root/ros2_ws/build/laundry_dt/prefix_override:/usr/lib/python3/dist-packages/colcon_core/task/python/colcon_distutils_commands:/root/ros2_ws/install/laundry_dt/lib/python3.10/site-packages:${PYTHONPATH} /usr/bin/python3 -W ignore:setup.py install is deprecated -W ignore:easy_install command is deprecated setup.py egg_info --egg-base ../../build/laundry_dt build --build-base /root/ros2_ws/build/laundry_dt/build install --record /root/ros2_ws/build/laundry_dt/install.log --single-version-externally-managed install_data
