[1.172s] Invoking command in '/root/ros2_ws/src/laundry_dt': PYTHONPATH=/root/ros2_ws/build/laundry_dt/prefix_override:/usr/lib/python3/dist-packages/colcon_core/task/python/colcon_distutils_commands:/root/ros2_ws/install/laundry_dt/lib/python3.10/site-packages:${PYTHONPATH} /usr/bin/python3 -W ignore:setup.py install is deprecated -W ignore:easy_install command is deprecated setup.py egg_info --egg-base ../../build/laundry_dt build --build-base /root/ros2_ws/build/laundry_dt/build install --record /root/ros2_ws/build/laundry_dt/install.log --single-version-externally-managed install_data
[1.550s] running egg_info
[1.554s] writing ../../build/laundry_dt/laundry_dt.egg-info/PKG-INFO
[1.558s] writing dependency_links to ../../build/laundry_dt/laundry_dt.egg-info/dependency_links.txt
[1.561s] writing entry points to ../../build/laundry_dt/laundry_dt.egg-info/entry_points.txt
[1.574s] writing requirements to ../../build/laundry_dt/laundry_dt.egg-info/requires.txt
[1.581s] writing top-level names to ../../build/laundry_dt/laundry_dt.egg-info/top_level.txt
[1.595s] reading manifest file '../../build/laundry_dt/laundry_dt.egg-info/SOURCES.txt'
[1.601s] writing manifest file '../../build/laundry_dt/laundry_dt.egg-info/SOURCES.txt'
[1.602s] running build
[1.611s] running build_py
[1.613s] copying laundry_dt/ultrasonic_publisher.py -> /root/ros2_ws/build/laundry_dt/build/lib/laundry_dt
[1.615s] copying laundry_dt/dc_motor_subscriber.py -> /root/ros2_ws/build/laundry_dt/build/lib/laundry_dt
[1.618s] copying laundry_dt/dc_motor_controller.py -> /root/ros2_ws/build/laundry_dt/build/lib/laundry_dt
[1.622s] running install
[1.623s] running install_lib
[1.627s] copying /root/ros2_ws/build/laundry_dt/build/lib/laundry_dt/ultrasonic_publisher.py -> /root/ros2_ws/install/laundry_dt/lib/python3.10/site-packages/laundry_dt
[1.630s] copying /root/ros2_ws/build/laundry_dt/build/lib/laundry_dt/dc_motor_subscriber.py -> /root/ros2_ws/install/laundry_dt/lib/python3.10/site-packages/laundry_dt
[1.638s] copying /root/ros2_ws/build/laundry_dt/build/lib/laundry_dt/dc_motor_controller.py -> /root/ros2_ws/install/laundry_dt/lib/python3.10/site-packages/laundry_dt
[1.643s] byte-compiling /root/ros2_ws/install/laundry_dt/lib/python3.10/site-packages/laundry_dt/ultrasonic_publisher.py to ultrasonic_publisher.cpython-310.pyc
[1.659s] byte-compiling /root/ros2_ws/install/laundry_dt/lib/python3.10/site-packages/laundry_dt/dc_motor_subscriber.py to dc_motor_subscriber.cpython-310.pyc
[1.662s]   File "/root/ros2_ws/install/laundry_dt/lib/python3.10/site-packages/laundry_dt/dc_motor_subscriber.py", line 8
[1.663s]     self.subscriber = self.create_subscription(Twist,'/cmd_vel', self.cmd_callback,10):
[1.663s]                                                                                       ^
[1.665s] SyntaxError: invalid syntax
[1.666s] 
[1.668s] byte-compiling /root/ros2_ws/install/laundry_dt/lib/python3.10/site-packages/laundry_dt/dc_motor_controller.py to dc_motor_controller.cpython-310.pyc
[1.668s] running install_data
[1.669s] creating /root/ros2_ws/install/laundry_dt/share/laundry_dt/launch
[1.672s] copying launch/launch.py -> /root/ros2_ws/install/laundry_dt/share/laundry_dt/launch
[1.673s] running install_egg_info
[1.673s] removing '/root/ros2_ws/install/laundry_dt/lib/python3.10/site-packages/laundry_dt-0.0.0-py3.10.egg-info' (and everything under it)
[1.682s] Copying ../../build/laundry_dt/laundry_dt.egg-info to /root/ros2_ws/install/laundry_dt/lib/python3.10/site-packages/laundry_dt-0.0.0-py3.10.egg-info
[1.716s] running install_scripts
[1.761s] Installing dc_motor_controller script to /root/ros2_ws/install/laundry_dt/lib/laundry_dt
[1.765s] Installing dc_motor_subscriber script to /root/ros2_ws/install/laundry_dt/lib/laundry_dt
[1.774s] Installing ultrasonic_publisher script to /root/ros2_ws/install/laundry_dt/lib/laundry_dt
[1.784s] writing list of installed files to '/root/ros2_ws/build/laundry_dt/install.log'
[1.814s] Invoked command in '/root/ros2_ws/src/laundry_dt' returned '0': PYTHONPATH=/root/ros2_ws/build/laundry_dt/prefix_override:/usr/lib/python3/dist-packages/colcon_core/task/python/colcon_distutils_commands:/root/ros2_ws/install/laundry_dt/lib/python3.10/site-packages:${PYTHONPATH} /usr/bin/python3 -W ignore:setup.py install is deprecated -W ignore:easy_install command is deprecated setup.py egg_info --egg-base ../../build/laundry_dt build --build-base /root/ros2_ws/build/laundry_dt/build install --record /root/ros2_ws/build/laundry_dt/install.log --single-version-externally-managed install_data
