[1.107s] Invoking command in '/root/ros2_ws/src/laundry_dt': PYTHONPATH=/root/ros2_ws/build/laundry_dt/prefix_override:/usr/lib/python3/dist-packages/colcon_core/task/python/colcon_distutils_commands:/root/ros2_ws/install/laundry_dt/lib/python3.10/site-packages:${PYTHONPATH} /usr/bin/python3 -W ignore:setup.py install is deprecated -W ignore:easy_install command is deprecated setup.py egg_info --egg-base ../../build/laundry_dt build --build-base /root/ros2_ws/build/laundry_dt/build install --record /root/ros2_ws/build/laundry_dt/install.log --single-version-externally-managed install_data
[1.487s] running egg_info
[1.488s] writing ../../build/laundry_dt/laundry_dt.egg-info/PKG-INFO
[1.490s] writing dependency_links to ../../build/laundry_dt/laundry_dt.egg-info/dependency_links.txt
[1.492s] writing entry points to ../../build/laundry_dt/laundry_dt.egg-info/entry_points.txt
[1.493s] writing requirements to ../../build/laundry_dt/laundry_dt.egg-info/requires.txt
[1.493s] writing top-level names to ../../build/laundry_dt/laundry_dt.egg-info/top_level.txt
[1.498s] reading manifest file '../../build/laundry_dt/laundry_dt.egg-info/SOURCES.txt'
[1.501s] writing manifest file '../../build/laundry_dt/laundry_dt.egg-info/SOURCES.txt'
[1.501s] running build
[1.502s] running build_py
[1.504s] copying laundry_dt/ultrasonic_publisher.py -> /root/ros2_ws/build/laundry_dt/build/lib/laundry_dt
[1.507s] running install
[1.508s] running install_lib
[1.509s] copying /root/ros2_ws/build/laundry_dt/build/lib/laundry_dt/ultrasonic_publisher.py -> /root/ros2_ws/install/laundry_dt/lib/python3.10/site-packages/laundry_dt
[1.513s] byte-compiling /root/ros2_ws/install/laundry_dt/lib/python3.10/site-packages/laundry_dt/ultrasonic_publisher.py to ultrasonic_publisher.cpython-310.pyc
[1.520s] running install_data
[1.520s] running install_egg_info
[1.523s] removing '/root/ros2_ws/install/laundry_dt/lib/python3.10/site-packages/laundry_dt-0.0.0-py3.10.egg-info' (and everything under it)
[1.526s] Copying ../../build/laundry_dt/laundry_dt.egg-info to /root/ros2_ws/install/laundry_dt/lib/python3.10/site-packages/laundry_dt-0.0.0-py3.10.egg-info
[1.541s] running install_scripts
[1.578s] Installing dc_motor_controller script to /root/ros2_ws/install/laundry_dt/lib/laundry_dt
[1.579s] Installing dc_motor_subscriber script to /root/ros2_ws/install/laundry_dt/lib/laundry_dt
[1.580s] Installing ultrasonic_publisher script to /root/ros2_ws/install/laundry_dt/lib/laundry_dt
[1.582s] writing list of installed files to '/root/ros2_ws/build/laundry_dt/install.log'
[1.610s] Invoked command in '/root/ros2_ws/src/laundry_dt' returned '0': PYTHONPATH=/root/ros2_ws/build/laundry_dt/prefix_override:/usr/lib/python3/dist-packages/colcon_core/task/python/colcon_distutils_commands:/root/ros2_ws/install/laundry_dt/lib/python3.10/site-packages:${PYTHONPATH} /usr/bin/python3 -W ignore:setup.py install is deprecated -W ignore:easy_install command is deprecated setup.py egg_info --egg-base ../../build/laundry_dt build --build-base /root/ros2_ws/build/laundry_dt/build install --record /root/ros2_ws/build/laundry_dt/install.log --single-version-externally-managed install_data
