running egg_info
writing ../../build/laundry_dt/laundry_dt.egg-info/PKG-INFO
writing dependency_links to ../../build/laundry_dt/laundry_dt.egg-info/dependency_links.txt
writing entry points to ../../build/laundry_dt/laundry_dt.egg-info/entry_points.txt
writing requirements to ../../build/laundry_dt/laundry_dt.egg-info/requires.txt
writing top-level names to ../../build/laundry_dt/laundry_dt.egg-info/top_level.txt
reading manifest file '../../build/laundry_dt/laundry_dt.egg-info/SOURCES.txt'
writing manifest file '../../build/laundry_dt/laundry_dt.egg-info/SOURCES.txt'
running build
running build_py
copying laundry_dt/dc_motor_subscriber.py -> /root/ros2_ws/build/laundry_dt/build/lib/laundry_dt
copying laundry_dt/dc_motor_controller.py -> /root/ros2_ws/build/laundry_dt/build/lib/laundry_dt
running install
running install_lib
copying /root/ros2_ws/build/laundry_dt/build/lib/laundry_dt/dc_motor_subscriber.py -> /root/ros2_ws/install/laundry_dt/lib/python3.10/site-packages/laundry_dt
copying /root/ros2_ws/build/laundry_dt/build/lib/laundry_dt/dc_motor_controller.py -> /root/ros2_ws/install/laundry_dt/lib/python3.10/site-packages/laundry_dt
byte-compiling /root/ros2_ws/install/laundry_dt/lib/python3.10/site-packages/laundry_dt/dc_motor_subscriber.py to dc_motor_subscriber.cpython-310.pyc
byte-compiling /root/ros2_ws/install/laundry_dt/lib/python3.10/site-packages/laundry_dt/dc_motor_controller.py to dc_motor_controller.cpython-310.pyc
running install_data
running install_egg_info
removing '/root/ros2_ws/install/laundry_dt/lib/python3.10/site-packages/laundry_dt-0.0.0-py3.10.egg-info' (and everything under it)
Copying ../../build/laundry_dt/laundry_dt.egg-info to /root/ros2_ws/install/laundry_dt/lib/python3.10/site-packages/laundry_dt-0.0.0-py3.10.egg-info
running install_scripts
Installing dc_motor_controller script to /root/ros2_ws/install/laundry_dt/lib/laundry_dt
Installing dc_motor_subscriber script to /root/ros2_ws/install/laundry_dt/lib/laundry_dt
Installing ultrasonic_publisher script to /root/ros2_ws/install/laundry_dt/lib/laundry_dt
writing list of installed files to '/root/ros2_ws/build/laundry_dt/install.log'
