running egg_info
creating ../../build/laundry_dt/laundry_dt.egg-info
writing ../../build/laundry_dt/laundry_dt.egg-info/PKG-INFO
writing dependency_links to ../../build/laundry_dt/laundry_dt.egg-info/dependency_links.txt
writing entry points to ../../build/laundry_dt/laundry_dt.egg-info/entry_points.txt
writing requirements to ../../build/laundry_dt/laundry_dt.egg-info/requires.txt
writing top-level names to ../../build/laundry_dt/laundry_dt.egg-info/top_level.txt
writing manifest file '../../build/laundry_dt/laundry_dt.egg-info/SOURCES.txt'
reading manifest file '../../build/laundry_dt/laundry_dt.egg-info/SOURCES.txt'
writing manifest file '../../build/laundry_dt/laundry_dt.egg-info/SOURCES.txt'
running build
running build_py
creating /root/ros2_ws/build/laundry_dt/build
creating /root/ros2_ws/build/laundry_dt/build/lib
creating /root/ros2_ws/build/laundry_dt/build/lib/laundry_dt
copying laundry_dt/ultrasonic_publisher.py -> /root/ros2_ws/build/laundry_dt/build/lib/laundry_dt
copying laundry_dt/__init__.py -> /root/ros2_ws/build/laundry_dt/build/lib/laundry_dt
running install
running install_lib
creating /root/ros2_ws/install/laundry_dt/lib/python3.10/site-packages/laundry_dt
copying /root/ros2_ws/build/laundry_dt/build/lib/laundry_dt/ultrasonic_publisher.py -> /root/ros2_ws/install/laundry_dt/lib/python3.10/site-packages/laundry_dt
copying /root/ros2_ws/build/laundry_dt/build/lib/laundry_dt/__init__.py -> /root/ros2_ws/install/laundry_dt/lib/python3.10/site-packages/laundry_dt
byte-compiling /root/ros2_ws/install/laundry_dt/lib/python3.10/site-packages/laundry_dt/ultrasonic_publisher.py to ultrasonic_publisher.cpython-310.pyc
byte-compiling /root/ros2_ws/install/laundry_dt/lib/python3.10/site-packages/laundry_dt/__init__.py to __init__.cpython-310.pyc
running install_data
creating /root/ros2_ws/install/laundry_dt/share/ament_index
creating /root/ros2_ws/install/laundry_dt/share/ament_index/resource_index
creating /root/ros2_ws/install/laundry_dt/share/ament_index/resource_index/packages
copying resource/laundry_dt -> /root/ros2_ws/install/laundry_dt/share/ament_index/resource_index/packages
copying package.xml -> /root/ros2_ws/install/laundry_dt/share/laundry_dt
running install_egg_info
Copying ../../build/laundry_dt/laundry_dt.egg-info to /root/ros2_ws/install/laundry_dt/lib/python3.10/site-packages/laundry_dt-0.0.0-py3.10.egg-info
running install_scripts
writing list of installed files to '/root/ros2_ws/build/laundry_dt/install.log'
