[1.107s] Invoking command in '/root/ros2_ws/src/laundry_dt': PYTHONPATH=/root/ros2_ws/build/laundry_dt/prefix_override:/usr/lib/python3/dist-packages/colcon_core/task/python/colcon_distutils_commands:/root/ros2_ws/install/laundry_dt/lib/python3.10/site-packages:${PYTHONPATH} /usr/bin/python3 -W ignore:setup.py install is deprecated -W ignore:easy_install command is deprecated setup.py egg_info --egg-base ../../build/laundry_dt build --build-base /root/ros2_ws/build/laundry_dt/build install --record /root/ros2_ws/build/laundry_dt/install.log --single-version-externally-managed install_data
[1.515s] running egg_info
[1.516s] creating ../../build/laundry_dt/laundry_dt.egg-info
[1.517s] writing ../../build/laundry_dt/laundry_dt.egg-info/PKG-INFO
[1.520s] writing dependency_links to ../../build/laundry_dt/laundry_dt.egg-info/dependency_links.txt
[1.521s] writing entry points to ../../build/laundry_dt/laundry_dt.egg-info/entry_points.txt
[1.522s] writing requirements to ../../build/laundry_dt/laundry_dt.egg-info/requires.txt
[1.523s] writing top-level names to ../../build/laundry_dt/laundry_dt.egg-info/top_level.txt
[1.524s] writing manifest file '../../build/laundry_dt/laundry_dt.egg-info/SOURCES.txt'
[1.531s] reading manifest file '../../build/laundry_dt/laundry_dt.egg-info/SOURCES.txt'
[1.532s] writing manifest file '../../build/laundry_dt/laundry_dt.egg-info/SOURCES.txt'
[1.533s] running build
[1.534s] running build_py
[1.535s] creating /root/ros2_ws/build/laundry_dt/build
[1.537s] creating /root/ros2_ws/build/laundry_dt/build/lib
[1.539s] creating /root/ros2_ws/build/laundry_dt/build/lib/laundry_dt
[1.540s] copying laundry_dt/ultrasonic_publisher.py -> /root/ros2_ws/build/laundry_dt/build/lib/laundry_dt
[1.540s] copying laundry_dt/__init__.py -> /root/ros2_ws/build/laundry_dt/build/lib/laundry_dt
[1.542s] running install
[1.543s] running install_lib
[1.544s] creating /root/ros2_ws/install/laundry_dt/lib/python3.10/site-packages/laundry_dt
[1.553s] copying /root/ros2_ws/build/laundry_dt/build/lib/laundry_dt/ultrasonic_publisher.py -> /root/ros2_ws/install/laundry_dt/lib/python3.10/site-packages/laundry_dt
[1.554s] copying /root/ros2_ws/build/laundry_dt/build/lib/laundry_dt/__init__.py -> /root/ros2_ws/install/laundry_dt/lib/python3.10/site-packages/laundry_dt
[1.559s] byte-compiling /root/ros2_ws/install/laundry_dt/lib/python3.10/site-packages/laundry_dt/ultrasonic_publisher.py to ultrasonic_publisher.cpython-310.pyc
[1.573s] byte-compiling /root/ros2_ws/install/laundry_dt/lib/python3.10/site-packages/laundry_dt/__init__.py to __init__.cpython-310.pyc
[1.576s] running install_data
[1.581s] creating /root/ros2_ws/install/laundry_dt/share/ament_index
[1.583s] creating /root/ros2_ws/install/laundry_dt/share/ament_index/resource_index
[1.584s] creating /root/ros2_ws/install/laundry_dt/share/ament_index/resource_index/packages
[1.585s] copying resource/laundry_dt -> /root/ros2_ws/install/laundry_dt/share/ament_index/resource_index/packages
[1.589s] copying package.xml -> /root/ros2_ws/install/laundry_dt/share/laundry_dt
[1.590s] running install_egg_info
[1.593s] Copying ../../build/laundry_dt/laundry_dt.egg-info to /root/ros2_ws/install/laundry_dt/lib/python3.10/site-packages/laundry_dt-0.0.0-py3.10.egg-info
[1.606s] running install_scripts
[1.646s] writing list of installed files to '/root/ros2_ws/build/laundry_dt/install.log'
[1.675s] Invoked command in '/root/ros2_ws/src/laundry_dt' returned '0': PYTHONPATH=/root/ros2_ws/build/laundry_dt/prefix_override:/usr/lib/python3/dist-packages/colcon_core/task/python/colcon_distutils_commands:/root/ros2_ws/install/laundry_dt/lib/python3.10/site-packages:${PYTHONPATH} /usr/bin/python3 -W ignore:setup.py install is deprecated -W ignore:easy_install command is deprecated setup.py egg_info --egg-base ../../build/laundry_dt build --build-base /root/ros2_ws/build/laundry_dt/build install --record /root/ros2_ws/build/laundry_dt/install.log --single-version-externally-managed install_data
